[15-Jan-2023 15:54:01 UTC] Prepare failed: (1064) You have an error in your SQL syntax; check the manual that corresponds to your MySQL server version for the right syntax to use near 'IN      TO `newsletter`(`mail`) VALUES (?)' at line 1
[19-Jan-2023 19:56:19 UTC] Prepare failed: (1054) Unknown column 'text' in 'field list'
[19-Jan-2023 19:58:25 UTC] Execute failed: (1364) Field 'id' doesn't have a default value
[19-Jan-2023 19:58:29 UTC] Execute failed: (1364) Field 'id' doesn't have a default value
[19-Jan-2023 20:07:12 UTC] PHP Notice:  Undefined index: email in /chroot/home/S5066337/public_html/Esame/test_grafica/foodbanksaw/newsletter/addEmail.php on line 7
[19-Jan-2023 20:07:36 UTC] PHP Notice:  Undefined index: email in /chroot/home/S5066337/public_html/Esame/test_grafica/foodbanksaw/newsletter/addEmail.php on line 7
[19-Jan-2023 22:52:18 UTC] PHP Notice:  Undefined variable: conn in /chroot/home/S5066337/public_html/Esame/test_grafica/foodbanksaw/newsletter/newsletter.php on line 10
[19-Jan-2023 22:52:18 UTC] PHP Fatal error:  Uncaught Error: Call to a member function prepare() on null in /chroot/home/S5066337/public_html/Esame/test_grafica/foodbanksaw/newsletter/newsletter.php:10
Stack trace:
#0 {main}
  thrown in /chroot/home/S5066337/public_html/Esame/test_grafica/foodbanksaw/newsletter/newsletter.php on line 10
[19-Jan-2023 22:52:20 UTC] PHP Notice:  Undefined variable: conn in /chroot/home/S5066337/public_html/Esame/test_grafica/foodbanksaw/newsletter/newsletter.php on line 10
[19-Jan-2023 22:52:20 UTC] PHP Fatal error:  Uncaught Error: Call to a member function prepare() on null in /chroot/home/S5066337/public_html/Esame/test_grafica/foodbanksaw/newsletter/newsletter.php:10
Stack trace:
#0 {main}
  thrown in /chroot/home/S5066337/public_html/Esame/test_grafica/foodbanksaw/newsletter/newsletter.php on line 10
[19-Jan-2023 22:52:22 UTC] PHP Notice:  Undefined variable: conn in /chroot/home/S5066337/public_html/Esame/test_grafica/foodbanksaw/newsletter/newsletter.php on line 10
[19-Jan-2023 22:52:22 UTC] PHP Fatal error:  Uncaught Error: Call to a member function prepare() on null in /chroot/home/S5066337/public_html/Esame/test_grafica/foodbanksaw/newsletter/newsletter.php:10
Stack trace:
#0 {main}
  thrown in /chroot/home/S5066337/public_html/Esame/test_grafica/foodbanksaw/newsletter/newsletter.php on line 10
[19-Jan-2023 22:52:25 UTC] PHP Notice:  Undefined variable: conn in /chroot/home/S5066337/public_html/Esame/test_grafica/foodbanksaw/newsletter/newsletter.php on line 10
[19-Jan-2023 22:52:25 UTC] PHP Fatal error:  Uncaught Error: Call to a member function prepare() on null in /chroot/home/S5066337/public_html/Esame/test_grafica/foodbanksaw/newsletter/newsletter.php:10
Stack trace:
#0 {main}
  thrown in /chroot/home/S5066337/public_html/Esame/test_grafica/foodbanksaw/newsletter/newsletter.php on line 10
[19-Jan-2023 22:53:58 UTC] PHP Notice:  Undefined variable: conn in /chroot/home/S5066337/public_html/Esame/test_grafica/foodbanksaw/newsletter/newsletter.php on line 10
[19-Jan-2023 22:53:58 UTC] PHP Fatal error:  Uncaught Error: Call to a member function prepare() on null in /chroot/home/S5066337/public_html/Esame/test_grafica/foodbanksaw/newsletter/newsletter.php:10
Stack trace:
#0 {main}
  thrown in /chroot/home/S5066337/public_html/Esame/test_grafica/foodbanksaw/newsletter/newsletter.php on line 10
[19-Jan-2023 22:54:04 UTC] PHP Notice:  Undefined variable: conn in /chroot/home/S5066337/public_html/Esame/test_grafica/foodbanksaw/newsletter/newsletter.php on line 10
[19-Jan-2023 22:54:04 UTC] PHP Fatal error:  Uncaught Error: Call to a member function prepare() on null in /chroot/home/S5066337/public_html/Esame/test_grafica/foodbanksaw/newsletter/newsletter.php:10
Stack trace:
#0 {main}
  thrown in /chroot/home/S5066337/public_html/Esame/test_grafica/foodbanksaw/newsletter/newsletter.php on line 10
[19-Jan-2023 22:55:33 UTC] PHP Notice:  Undefined variable: conn in /chroot/home/S5066337/public_html/Esame/test_grafica/foodbanksaw/newsletter/newsletter.php on line 10
[19-Jan-2023 22:55:33 UTC] PHP Fatal error:  Uncaught Error: Call to a member function prepare() on null in /chroot/home/S5066337/public_html/Esame/test_grafica/foodbanksaw/newsletter/newsletter.php:10
Stack trace:
#0 {main}
  thrown in /chroot/home/S5066337/public_html/Esame/test_grafica/foodbanksaw/newsletter/newsletter.php on line 10
[19-Jan-2023 22:55:37 UTC] PHP Notice:  Undefined variable: conn in /chroot/home/S5066337/public_html/Esame/test_grafica/foodbanksaw/newsletter/newsletter.php on line 10
[19-Jan-2023 22:55:37 UTC] PHP Fatal error:  Uncaught Error: Call to a member function prepare() on null in /chroot/home/S5066337/public_html/Esame/test_grafica/foodbanksaw/newsletter/newsletter.php:10
Stack trace:
#0 {main}
  thrown in /chroot/home/S5066337/public_html/Esame/test_grafica/foodbanksaw/newsletter/newsletter.php on line 10
[19-Jan-2023 22:57:12 UTC] PHP Warning:  include(head_admin.php): failed to open stream: No such file or directory in /chroot/home/S5066337/public_html/Esame/test_grafica/foodbanksaw/newsletter/newsletter.php on line 22
[19-Jan-2023 22:57:12 UTC] PHP Warning:  include(): Failed opening 'head_admin.php' for inclusion (include_path='.:/usr/share/php') in /chroot/home/S5066337/public_html/Esame/test_grafica/foodbanksaw/newsletter/newsletter.php on line 22
[19-Jan-2023 22:57:12 UTC] PHP Warning:  include(navbar_admin.php): failed to open stream: No such file or directory in /chroot/home/S5066337/public_html/Esame/test_grafica/foodbanksaw/newsletter/newsletter.php on line 26
[19-Jan-2023 22:57:12 UTC] PHP Warning:  include(): Failed opening 'navbar_admin.php' for inclusion (include_path='.:/usr/share/php') in /chroot/home/S5066337/public_html/Esame/test_grafica/foodbanksaw/newsletter/newsletter.php on line 26
[19-Jan-2023 23:09:32 UTC] Execute failed: (1406) Data too long for column 'text' at row 1
[19-Jan-2023 23:10:59 UTC] Execute failed: (1406) Data too long for column 'text' at row 1
[20-Jan-2023 00:46:27 UTC] PHP Notice:  Undefined index: title in /chroot/home/S5066337/public_html/Esame/test_grafica/foodbanksaw/newsletter/show_last_news.php on line 52
[20-Jan-2023 00:47:50 UTC] PHP Notice:  Undefined index: title in /chroot/home/S5066337/public_html/Esame/test_grafica/foodbanksaw/newsletter/show_last_news.php on line 52
[20-Jan-2023 00:47:51 UTC] PHP Notice:  Undefined index: title in /chroot/home/S5066337/public_html/Esame/test_grafica/foodbanksaw/newsletter/show_last_news.php on line 52
[20-Jan-2023 00:47:54 UTC] PHP Notice:  Undefined index: title in /chroot/home/S5066337/public_html/Esame/test_grafica/foodbanksaw/newsletter/show_last_news.php on line 52
[20-Jan-2023 00:48:07 UTC] PHP Notice:  Undefined index: title in /chroot/home/S5066337/public_html/Esame/test_grafica/foodbanksaw/newsletter/show_last_news.php on line 52
[20-Jan-2023 01:11:42 UTC] Execute failed: (1406) Data too long for column 'text' at row 1
[20-Jan-2023 22:46:37 UTC] PHP Notice:  Undefined index: admin in /chroot/home/S5066337/public_html/Esame/test_grafica/foodbanksaw/newsletter/newsletter.php on line 6
[21-Jan-2023 16:02:23 UTC] PHP Notice:  Undefined index: admin in /chroot/home/S5066337/public_html/Esame/test_grafica/foodbanksaw/newsletter/newsletter.php on line 6
[22-Jan-2023 15:45:21 UTC] PHP Notice:  Undefined index: email in /chroot/home/S5066337/public_html/Esame/test_grafica/foodbanksaw/newsletter/addEmail.php on line 7
[22-Jan-2023 15:45:33 UTC] PHP Notice:  Undefined index: email in /chroot/home/S5066337/public_html/Esame/test_grafica/foodbanksaw/newsletter/addEmail.php on line 7
[22-Jan-2023 15:45:55 UTC] PHP Notice:  Undefined index: email in /chroot/home/S5066337/public_html/Esame/test_grafica/foodbanksaw/newsletter/addEmail.php on line 7
[22-Jan-2023 15:48:33 UTC] PHP Notice:  Undefined index: email in /chroot/home/S5066337/public_html/Esame/test_grafica/foodbanksaw/newsletter/addEmail.php on line 7
[22-Jan-2023 15:48:46 UTC] PHP Notice:  Undefined index: email in /chroot/home/S5066337/public_html/Esame/test_grafica/foodbanksaw/newsletter/addEmail.php on line 7
[22-Jan-2023 16:15:08 UTC] PHP Notice:  Undefined variable: query in /chroot/home/S5066337/public_html/Esame/test_grafica/foodbanksaw/newsletter/newsletter.php on line 12
[22-Jan-2023 16:15:08 UTC] Prepare failed: (1065) Query was empty
[22-Jan-2023 16:17:01 UTC] PHP Notice:  Undefined variable: query in /chroot/home/S5066337/public_html/Esame/test_grafica/foodbanksaw/newsletter/newsletter.php on line 12
[22-Jan-2023 16:17:01 UTC] Prepare failed: (1065) Query was empty
[22-Jan-2023 16:17:03 UTC] PHP Notice:  Undefined variable: query in /chroot/home/S5066337/public_html/Esame/test_grafica/foodbanksaw/newsletter/newsletter.php on line 12
[22-Jan-2023 16:17:03 UTC] Prepare failed: (1065) Query was empty
[22-Jan-2023 16:17:34 UTC] Prepare failed: (1064) You have an error in your SQL syntax; check the manual that corresponds to your MySQL server version for the right syntax to use near ''message' INNER JOIN 'user' ON message.userid=user.userid' at line 1
[22-Jan-2023 16:17:36 UTC] Prepare failed: (1064) You have an error in your SQL syntax; check the manual that corresponds to your MySQL server version for the right syntax to use near ''message' INNER JOIN 'user' ON message.userid=user.userid' at line 1
[22-Jan-2023 16:18:19 UTC] Prepare failed: (1064) You have an error in your SQL syntax; check the manual that corresponds to your MySQL server version for the right syntax to use near ''message' INNER JOIN 'user' ON message.userid=user.userid' at line 1
[22-Jan-2023 16:18:24 UTC] Prepare failed: (1064) You have an error in your SQL syntax; check the manual that corresponds to your MySQL server version for the right syntax to use near ''message' INNER JOIN 'user' ON message.userid=user.userid' at line 1
[22-Jan-2023 16:18:35 UTC] PHP Notice:  Undefined index: userid in /chroot/home/S5066337/public_html/Esame/test_grafica/foodbanksaw/newsletter/newsletter.php on line 55
[22-Jan-2023 16:18:35 UTC] PHP Notice:  Undefined index: userid in /chroot/home/S5066337/public_html/Esame/test_grafica/foodbanksaw/newsletter/newsletter.php on line 55
[22-Jan-2023 16:18:35 UTC] PHP Notice:  Undefined index: userid in /chroot/home/S5066337/public_html/Esame/test_grafica/foodbanksaw/newsletter/newsletter.php on line 55
[22-Jan-2023 16:18:35 UTC] PHP Notice:  Undefined index: userid in /chroot/home/S5066337/public_html/Esame/test_grafica/foodbanksaw/newsletter/newsletter.php on line 55
[22-Jan-2023 16:19:18 UTC] PHP Notice:  Undefined index: userid in /chroot/home/S5066337/public_html/Esame/test_grafica/foodbanksaw/newsletter/newsletter.php on line 55
[22-Jan-2023 16:19:18 UTC] PHP Notice:  Undefined index: userid in /chroot/home/S5066337/public_html/Esame/test_grafica/foodbanksaw/newsletter/newsletter.php on line 55
[22-Jan-2023 16:19:18 UTC] PHP Notice:  Undefined index: userid in /chroot/home/S5066337/public_html/Esame/test_grafica/foodbanksaw/newsletter/newsletter.php on line 55
[22-Jan-2023 16:19:18 UTC] PHP Notice:  Undefined index: userid in /chroot/home/S5066337/public_html/Esame/test_grafica/foodbanksaw/newsletter/newsletter.php on line 55
[22-Jan-2023 16:19:20 UTC] PHP Notice:  Undefined index: userid in /chroot/home/S5066337/public_html/Esame/test_grafica/foodbanksaw/newsletter/newsletter.php on line 55
[22-Jan-2023 16:19:20 UTC] PHP Notice:  Undefined index: userid in /chroot/home/S5066337/public_html/Esame/test_grafica/foodbanksaw/newsletter/newsletter.php on line 55
[22-Jan-2023 16:19:20 UTC] PHP Notice:  Undefined index: userid in /chroot/home/S5066337/public_html/Esame/test_grafica/foodbanksaw/newsletter/newsletter.php on line 55
[22-Jan-2023 16:19:20 UTC] PHP Notice:  Undefined index: userid in /chroot/home/S5066337/public_html/Esame/test_grafica/foodbanksaw/newsletter/newsletter.php on line 55
[22-Jan-2023 16:19:21 UTC] PHP Notice:  Undefined index: userid in /chroot/home/S5066337/public_html/Esame/test_grafica/foodbanksaw/newsletter/newsletter.php on line 55
[22-Jan-2023 16:19:21 UTC] PHP Notice:  Undefined index: userid in /chroot/home/S5066337/public_html/Esame/test_grafica/foodbanksaw/newsletter/newsletter.php on line 55
[22-Jan-2023 16:19:21 UTC] PHP Notice:  Undefined index: userid in /chroot/home/S5066337/public_html/Esame/test_grafica/foodbanksaw/newsletter/newsletter.php on line 55
[22-Jan-2023 16:19:21 UTC] PHP Notice:  Undefined index: userid in /chroot/home/S5066337/public_html/Esame/test_grafica/foodbanksaw/newsletter/newsletter.php on line 55
[22-Jan-2023 16:19:21 UTC] PHP Notice:  Undefined index: userid in /chroot/home/S5066337/public_html/Esame/test_grafica/foodbanksaw/newsletter/newsletter.php on line 55
[22-Jan-2023 16:19:21 UTC] PHP Notice:  Undefined index: userid in /chroot/home/S5066337/public_html/Esame/test_grafica/foodbanksaw/newsletter/newsletter.php on line 55
[22-Jan-2023 16:19:21 UTC] PHP Notice:  Undefined index: userid in /chroot/home/S5066337/public_html/Esame/test_grafica/foodbanksaw/newsletter/newsletter.php on line 55
[22-Jan-2023 16:19:21 UTC] PHP Notice:  Undefined index: userid in /chroot/home/S5066337/public_html/Esame/test_grafica/foodbanksaw/newsletter/newsletter.php on line 55
[22-Jan-2023 16:19:21 UTC] PHP Notice:  Undefined index: userid in /chroot/home/S5066337/public_html/Esame/test_grafica/foodbanksaw/newsletter/newsletter.php on line 55
[22-Jan-2023 16:19:21 UTC] PHP Notice:  Undefined index: userid in /chroot/home/S5066337/public_html/Esame/test_grafica/foodbanksaw/newsletter/newsletter.php on line 55
[22-Jan-2023 16:19:21 UTC] PHP Notice:  Undefined index: userid in /chroot/home/S5066337/public_html/Esame/test_grafica/foodbanksaw/newsletter/newsletter.php on line 55
[22-Jan-2023 16:19:21 UTC] PHP Notice:  Undefined index: userid in /chroot/home/S5066337/public_html/Esame/test_grafica/foodbanksaw/newsletter/newsletter.php on line 55
[22-Jan-2023 16:19:21 UTC] PHP Notice:  Undefined index: userid in /chroot/home/S5066337/public_html/Esame/test_grafica/foodbanksaw/newsletter/newsletter.php on line 55
[22-Jan-2023 16:19:21 UTC] PHP Notice:  Undefined index: userid in /chroot/home/S5066337/public_html/Esame/test_grafica/foodbanksaw/newsletter/newsletter.php on line 55
[22-Jan-2023 16:19:21 UTC] PHP Notice:  Undefined index: userid in /chroot/home/S5066337/public_html/Esame/test_grafica/foodbanksaw/newsletter/newsletter.php on line 55
[22-Jan-2023 16:19:21 UTC] PHP Notice:  Undefined index: userid in /chroot/home/S5066337/public_html/Esame/test_grafica/foodbanksaw/newsletter/newsletter.php on line 55
[22-Jan-2023 16:19:22 UTC] PHP Notice:  Undefined index: userid in /chroot/home/S5066337/public_html/Esame/test_grafica/foodbanksaw/newsletter/newsletter.php on line 55
[22-Jan-2023 16:19:22 UTC] PHP Notice:  Undefined index: userid in /chroot/home/S5066337/public_html/Esame/test_grafica/foodbanksaw/newsletter/newsletter.php on line 55
[22-Jan-2023 16:19:22 UTC] PHP Notice:  Undefined index: userid in /chroot/home/S5066337/public_html/Esame/test_grafica/foodbanksaw/newsletter/newsletter.php on line 55
[22-Jan-2023 16:19:22 UTC] PHP Notice:  Undefined index: userid in /chroot/home/S5066337/public_html/Esame/test_grafica/foodbanksaw/newsletter/newsletter.php on line 55
[22-Jan-2023 16:19:24 UTC] PHP Notice:  Undefined index: userid in /chroot/home/S5066337/public_html/Esame/test_grafica/foodbanksaw/newsletter/newsletter.php on line 55
[22-Jan-2023 16:19:24 UTC] PHP Notice:  Undefined index: name in /chroot/home/S5066337/public_html/Esame/test_grafica/foodbanksaw/newsletter/newsletter.php on line 56
[22-Jan-2023 16:19:24 UTC] PHP Notice:  Undefined index: userid in /chroot/home/S5066337/public_html/Esame/test_grafica/foodbanksaw/newsletter/newsletter.php on line 55
[22-Jan-2023 16:19:24 UTC] PHP Notice:  Undefined index: name in /chroot/home/S5066337/public_html/Esame/test_grafica/foodbanksaw/newsletter/newsletter.php on line 56
[22-Jan-2023 16:19:24 UTC] PHP Notice:  Undefined index: userid in /chroot/home/S5066337/public_html/Esame/test_grafica/foodbanksaw/newsletter/newsletter.php on line 55
[22-Jan-2023 16:19:24 UTC] PHP Notice:  Undefined index: name in /chroot/home/S5066337/public_html/Esame/test_grafica/foodbanksaw/newsletter/newsletter.php on line 56
[22-Jan-2023 16:19:24 UTC] PHP Notice:  Undefined index: userid in /chroot/home/S5066337/public_html/Esame/test_grafica/foodbanksaw/newsletter/newsletter.php on line 55
[22-Jan-2023 16:19:24 UTC] PHP Notice:  Undefined index: name in /chroot/home/S5066337/public_html/Esame/test_grafica/foodbanksaw/newsletter/newsletter.php on line 56
[22-Jan-2023 16:19:57 UTC] PHP Notice:  Undefined index: userid in /chroot/home/S5066337/public_html/Esame/test_grafica/foodbanksaw/newsletter/newsletter.php on line 57
[22-Jan-2023 16:19:57 UTC] PHP Notice:  Undefined index: name in /chroot/home/S5066337/public_html/Esame/test_grafica/foodbanksaw/newsletter/newsletter.php on line 58
[22-Jan-2023 16:19:57 UTC] PHP Notice:  Undefined index: userid in /chroot/home/S5066337/public_html/Esame/test_grafica/foodbanksaw/newsletter/newsletter.php on line 57
[22-Jan-2023 16:19:57 UTC] PHP Notice:  Undefined index: name in /chroot/home/S5066337/public_html/Esame/test_grafica/foodbanksaw/newsletter/newsletter.php on line 58
[22-Jan-2023 16:19:57 UTC] PHP Notice:  Undefined index: userid in /chroot/home/S5066337/public_html/Esame/test_grafica/foodbanksaw/newsletter/newsletter.php on line 57
[22-Jan-2023 16:19:57 UTC] PHP Notice:  Undefined index: name in /chroot/home/S5066337/public_html/Esame/test_grafica/foodbanksaw/newsletter/newsletter.php on line 58
[22-Jan-2023 16:19:57 UTC] PHP Notice:  Undefined index: userid in /chroot/home/S5066337/public_html/Esame/test_grafica/foodbanksaw/newsletter/newsletter.php on line 57
[22-Jan-2023 16:19:57 UTC] PHP Notice:  Undefined index: name in /chroot/home/S5066337/public_html/Esame/test_grafica/foodbanksaw/newsletter/newsletter.php on line 58
[22-Jan-2023 16:20:21 UTC] PHP Notice:  Undefined index: message.userid in /chroot/home/S5066337/public_html/Esame/test_grafica/foodbanksaw/newsletter/newsletter.php on line 57
[22-Jan-2023 16:20:21 UTC] PHP Notice:  Undefined index: message.userid in /chroot/home/S5066337/public_html/Esame/test_grafica/foodbanksaw/newsletter/newsletter.php on line 57
[22-Jan-2023 16:20:21 UTC] PHP Notice:  Undefined index: message.userid in /chroot/home/S5066337/public_html/Esame/test_grafica/foodbanksaw/newsletter/newsletter.php on line 57
[22-Jan-2023 16:20:21 UTC] PHP Notice:  Undefined index: message.userid in /chroot/home/S5066337/public_html/Esame/test_grafica/foodbanksaw/newsletter/newsletter.php on line 57
[22-Jan-2023 16:20:25 UTC] PHP Notice:  Undefined index: message.userid in /chroot/home/S5066337/public_html/Esame/test_grafica/foodbanksaw/newsletter/newsletter.php on line 57
[22-Jan-2023 16:20:25 UTC] PHP Notice:  Undefined index: message.userid in /chroot/home/S5066337/public_html/Esame/test_grafica/foodbanksaw/newsletter/newsletter.php on line 57
[22-Jan-2023 16:20:25 UTC] PHP Notice:  Undefined index: message.userid in /chroot/home/S5066337/public_html/Esame/test_grafica/foodbanksaw/newsletter/newsletter.php on line 57
[22-Jan-2023 16:20:25 UTC] PHP Notice:  Undefined index: message.userid in /chroot/home/S5066337/public_html/Esame/test_grafica/foodbanksaw/newsletter/newsletter.php on line 57
[22-Jan-2023 16:20:26 UTC] PHP Notice:  Undefined index: message.userid in /chroot/home/S5066337/public_html/Esame/test_grafica/foodbanksaw/newsletter/newsletter.php on line 57
[22-Jan-2023 16:20:26 UTC] PHP Notice:  Undefined index: message.userid in /chroot/home/S5066337/public_html/Esame/test_grafica/foodbanksaw/newsletter/newsletter.php on line 57
[22-Jan-2023 16:20:26 UTC] PHP Notice:  Undefined index: message.userid in /chroot/home/S5066337/public_html/Esame/test_grafica/foodbanksaw/newsletter/newsletter.php on line 57
[22-Jan-2023 16:20:26 UTC] PHP Notice:  Undefined index: message.userid in /chroot/home/S5066337/public_html/Esame/test_grafica/foodbanksaw/newsletter/newsletter.php on line 57
[22-Jan-2023 16:20:28 UTC] PHP Notice:  Undefined index: message.userid in /chroot/home/S5066337/public_html/Esame/test_grafica/foodbanksaw/newsletter/newsletter.php on line 57
[22-Jan-2023 16:20:28 UTC] PHP Notice:  Undefined index: message.userid in /chroot/home/S5066337/public_html/Esame/test_grafica/foodbanksaw/newsletter/newsletter.php on line 57
[22-Jan-2023 16:20:28 UTC] PHP Notice:  Undefined index: message.userid in /chroot/home/S5066337/public_html/Esame/test_grafica/foodbanksaw/newsletter/newsletter.php on line 57
[22-Jan-2023 16:20:28 UTC] PHP Notice:  Undefined index: message.userid in /chroot/home/S5066337/public_html/Esame/test_grafica/foodbanksaw/newsletter/newsletter.php on line 57
[22-Jan-2023 16:20:28 UTC] PHP Notice:  Undefined index: message.userid in /chroot/home/S5066337/public_html/Esame/test_grafica/foodbanksaw/newsletter/newsletter.php on line 57
[22-Jan-2023 16:20:28 UTC] PHP Notice:  Undefined index: message.userid in /chroot/home/S5066337/public_html/Esame/test_grafica/foodbanksaw/newsletter/newsletter.php on line 57
[22-Jan-2023 16:20:28 UTC] PHP Notice:  Undefined index: message.userid in /chroot/home/S5066337/public_html/Esame/test_grafica/foodbanksaw/newsletter/newsletter.php on line 57
[22-Jan-2023 16:20:28 UTC] PHP Notice:  Undefined index: message.userid in /chroot/home/S5066337/public_html/Esame/test_grafica/foodbanksaw/newsletter/newsletter.php on line 57
[22-Jan-2023 16:20:29 UTC] PHP Notice:  Undefined index: message.userid in /chroot/home/S5066337/public_html/Esame/test_grafica/foodbanksaw/newsletter/newsletter.php on line 57
[22-Jan-2023 16:20:29 UTC] PHP Notice:  Undefined index: message.userid in /chroot/home/S5066337/public_html/Esame/test_grafica/foodbanksaw/newsletter/newsletter.php on line 57
[22-Jan-2023 16:20:29 UTC] PHP Notice:  Undefined index: message.userid in /chroot/home/S5066337/public_html/Esame/test_grafica/foodbanksaw/newsletter/newsletter.php on line 57
[22-Jan-2023 16:20:29 UTC] PHP Notice:  Undefined index: message.userid in /chroot/home/S5066337/public_html/Esame/test_grafica/foodbanksaw/newsletter/newsletter.php on line 57
[22-Jan-2023 16:20:46 UTC] PHP Notice:  Undefined index: message.userid in /chroot/home/S5066337/public_html/Esame/test_grafica/foodbanksaw/newsletter/newsletter.php on line 57
[22-Jan-2023 16:20:46 UTC] PHP Notice:  Undefined index: message.userid in /chroot/home/S5066337/public_html/Esame/test_grafica/foodbanksaw/newsletter/newsletter.php on line 57
[22-Jan-2023 16:20:46 UTC] PHP Notice:  Undefined index: message.userid in /chroot/home/S5066337/public_html/Esame/test_grafica/foodbanksaw/newsletter/newsletter.php on line 57
[22-Jan-2023 16:20:46 UTC] PHP Notice:  Undefined index: message.userid in /chroot/home/S5066337/public_html/Esame/test_grafica/foodbanksaw/newsletter/newsletter.php on line 57
[22-Jan-2023 16:21:14 UTC] PHP Notice:  Undefined index: user.userid in /chroot/home/S5066337/public_html/Esame/test_grafica/foodbanksaw/newsletter/newsletter.php on line 57
[22-Jan-2023 16:21:14 UTC] PHP Notice:  Undefined index: user.userid in /chroot/home/S5066337/public_html/Esame/test_grafica/foodbanksaw/newsletter/newsletter.php on line 57
[22-Jan-2023 16:21:14 UTC] PHP Notice:  Undefined index: user.userid in /chroot/home/S5066337/public_html/Esame/test_grafica/foodbanksaw/newsletter/newsletter.php on line 57
[22-Jan-2023 16:21:14 UTC] PHP Notice:  Undefined index: user.userid in /chroot/home/S5066337/public_html/Esame/test_grafica/foodbanksaw/newsletter/newsletter.php on line 57
[22-Jan-2023 16:21:14 UTC] PHP Notice:  Undefined index: user.userid in /chroot/home/S5066337/public_html/Esame/test_grafica/foodbanksaw/newsletter/newsletter.php on line 57
[22-Jan-2023 16:21:14 UTC] PHP Notice:  Undefined index: user.userid in /chroot/home/S5066337/public_html/Esame/test_grafica/foodbanksaw/newsletter/newsletter.php on line 57
[22-Jan-2023 16:21:14 UTC] PHP Notice:  Undefined index: user.userid in /chroot/home/S5066337/public_html/Esame/test_grafica/foodbanksaw/newsletter/newsletter.php on line 57
[22-Jan-2023 16:21:14 UTC] PHP Notice:  Undefined index: user.userid in /chroot/home/S5066337/public_html/Esame/test_grafica/foodbanksaw/newsletter/newsletter.php on line 57
[22-Jan-2023 16:21:15 UTC] PHP Notice:  Undefined index: user.userid in /chroot/home/S5066337/public_html/Esame/test_grafica/foodbanksaw/newsletter/newsletter.php on line 57
[22-Jan-2023 16:21:15 UTC] PHP Notice:  Undefined index: user.userid in /chroot/home/S5066337/public_html/Esame/test_grafica/foodbanksaw/newsletter/newsletter.php on line 57
[22-Jan-2023 16:21:15 UTC] PHP Notice:  Undefined index: user.userid in /chroot/home/S5066337/public_html/Esame/test_grafica/foodbanksaw/newsletter/newsletter.php on line 57
[22-Jan-2023 16:21:15 UTC] PHP Notice:  Undefined index: user.userid in /chroot/home/S5066337/public_html/Esame/test_grafica/foodbanksaw/newsletter/newsletter.php on line 57
[22-Jan-2023 16:21:15 UTC] PHP Notice:  Undefined index: user.userid in /chroot/home/S5066337/public_html/Esame/test_grafica/foodbanksaw/newsletter/newsletter.php on line 57
[22-Jan-2023 16:21:15 UTC] PHP Notice:  Undefined index: user.userid in /chroot/home/S5066337/public_html/Esame/test_grafica/foodbanksaw/newsletter/newsletter.php on line 57
[22-Jan-2023 16:21:15 UTC] PHP Notice:  Undefined index: user.userid in /chroot/home/S5066337/public_html/Esame/test_grafica/foodbanksaw/newsletter/newsletter.php on line 57
[22-Jan-2023 16:21:15 UTC] PHP Notice:  Undefined index: user.userid in /chroot/home/S5066337/public_html/Esame/test_grafica/foodbanksaw/newsletter/newsletter.php on line 57
[22-Jan-2023 16:21:15 UTC] PHP Notice:  Undefined index: user.userid in /chroot/home/S5066337/public_html/Esame/test_grafica/foodbanksaw/newsletter/newsletter.php on line 57
[22-Jan-2023 16:21:15 UTC] PHP Notice:  Undefined index: user.userid in /chroot/home/S5066337/public_html/Esame/test_grafica/foodbanksaw/newsletter/newsletter.php on line 57
[22-Jan-2023 16:21:15 UTC] PHP Notice:  Undefined index: user.userid in /chroot/home/S5066337/public_html/Esame/test_grafica/foodbanksaw/newsletter/newsletter.php on line 57
[22-Jan-2023 16:21:15 UTC] PHP Notice:  Undefined index: user.userid in /chroot/home/S5066337/public_html/Esame/test_grafica/foodbanksaw/newsletter/newsletter.php on line 57
[22-Jan-2023 16:21:30 UTC] PHP Notice:  Undefined index: user.userid in /chroot/home/S5066337/public_html/Esame/test_grafica/foodbanksaw/newsletter/newsletter.php on line 57
[22-Jan-2023 16:21:30 UTC] PHP Notice:  Undefined index: user.userid in /chroot/home/S5066337/public_html/Esame/test_grafica/foodbanksaw/newsletter/newsletter.php on line 57
[22-Jan-2023 16:21:30 UTC] PHP Notice:  Undefined index: user.userid in /chroot/home/S5066337/public_html/Esame/test_grafica/foodbanksaw/newsletter/newsletter.php on line 57
[22-Jan-2023 16:21:30 UTC] PHP Notice:  Undefined index: user.userid in /chroot/home/S5066337/public_html/Esame/test_grafica/foodbanksaw/newsletter/newsletter.php on line 57
[22-Jan-2023 16:21:51 UTC] PHP Notice:  Undefined index: user.userid in /chroot/home/S5066337/public_html/Esame/test_grafica/foodbanksaw/newsletter/newsletter.php on line 57
[22-Jan-2023 16:21:51 UTC] PHP Notice:  Undefined index: user.firstname in /chroot/home/S5066337/public_html/Esame/test_grafica/foodbanksaw/newsletter/newsletter.php on line 58
[22-Jan-2023 16:21:51 UTC] PHP Notice:  Undefined index: user.lastname in /chroot/home/S5066337/public_html/Esame/test_grafica/foodbanksaw/newsletter/newsletter.php on line 59
[22-Jan-2023 16:21:51 UTC] PHP Notice:  Undefined index: message.id in /chroot/home/S5066337/public_html/Esame/test_grafica/foodbanksaw/newsletter/newsletter.php on line 60
[22-Jan-2023 16:21:51 UTC] PHP Notice:  Undefined index: message.title in /chroot/home/S5066337/public_html/Esame/test_grafica/foodbanksaw/newsletter/newsletter.php on line 61
[22-Jan-2023 16:21:51 UTC] PHP Notice:  Undefined index: user.userid in /chroot/home/S5066337/public_html/Esame/test_grafica/foodbanksaw/newsletter/newsletter.php on line 57
[22-Jan-2023 16:21:51 UTC] PHP Notice:  Undefined index: user.firstname in /chroot/home/S5066337/public_html/Esame/test_grafica/foodbanksaw/newsletter/newsletter.php on line 58
[22-Jan-2023 16:21:51 UTC] PHP Notice:  Undefined index: user.lastname in /chroot/home/S5066337/public_html/Esame/test_grafica/foodbanksaw/newsletter/newsletter.php on line 59
[22-Jan-2023 16:21:51 UTC] PHP Notice:  Undefined index: message.id in /chroot/home/S5066337/public_html/Esame/test_grafica/foodbanksaw/newsletter/newsletter.php on line 60
[22-Jan-2023 16:21:51 UTC] PHP Notice:  Undefined index: message.title in /chroot/home/S5066337/public_html/Esame/test_grafica/foodbanksaw/newsletter/newsletter.php on line 61
[22-Jan-2023 16:21:51 UTC] PHP Notice:  Undefined index: user.userid in /chroot/home/S5066337/public_html/Esame/test_grafica/foodbanksaw/newsletter/newsletter.php on line 57
[22-Jan-2023 16:21:51 UTC] PHP Notice:  Undefined index: user.firstname in /chroot/home/S5066337/public_html/Esame/test_grafica/foodbanksaw/newsletter/newsletter.php on line 58
[22-Jan-2023 16:21:51 UTC] PHP Notice:  Undefined index: user.lastname in /chroot/home/S5066337/public_html/Esame/test_grafica/foodbanksaw/newsletter/newsletter.php on line 59
[22-Jan-2023 16:21:51 UTC] PHP Notice:  Undefined index: message.id in /chroot/home/S5066337/public_html/Esame/test_grafica/foodbanksaw/newsletter/newsletter.php on line 60
[22-Jan-2023 16:21:51 UTC] PHP Notice:  Undefined index: message.title in /chroot/home/S5066337/public_html/Esame/test_grafica/foodbanksaw/newsletter/newsletter.php on line 61
[22-Jan-2023 16:21:51 UTC] PHP Notice:  Undefined index: user.userid in /chroot/home/S5066337/public_html/Esame/test_grafica/foodbanksaw/newsletter/newsletter.php on line 57
[22-Jan-2023 16:21:51 UTC] PHP Notice:  Undefined index: user.firstname in /chroot/home/S5066337/public_html/Esame/test_grafica/foodbanksaw/newsletter/newsletter.php on line 58
[22-Jan-2023 16:21:51 UTC] PHP Notice:  Undefined index: user.lastname in /chroot/home/S5066337/public_html/Esame/test_grafica/foodbanksaw/newsletter/newsletter.php on line 59
[22-Jan-2023 16:21:51 UTC] PHP Notice:  Undefined index: message.id in /chroot/home/S5066337/public_html/Esame/test_grafica/foodbanksaw/newsletter/newsletter.php on line 60
[22-Jan-2023 16:21:51 UTC] PHP Notice:  Undefined index: message.title in /chroot/home/S5066337/public_html/Esame/test_grafica/foodbanksaw/newsletter/newsletter.php on line 61
[22-Jan-2023 16:21:52 UTC] PHP Notice:  Undefined index: user.userid in /chroot/home/S5066337/public_html/Esame/test_grafica/foodbanksaw/newsletter/newsletter.php on line 57
[22-Jan-2023 16:21:52 UTC] PHP Notice:  Undefined index: user.firstname in /chroot/home/S5066337/public_html/Esame/test_grafica/foodbanksaw/newsletter/newsletter.php on line 58
[22-Jan-2023 16:21:52 UTC] PHP Notice:  Undefined index: user.lastname in /chroot/home/S5066337/public_html/Esame/test_grafica/foodbanksaw/newsletter/newsletter.php on line 59
[22-Jan-2023 16:21:52 UTC] PHP Notice:  Undefined index: message.id in /chroot/home/S5066337/public_html/Esame/test_grafica/foodbanksaw/newsletter/newsletter.php on line 60
[22-Jan-2023 16:21:52 UTC] PHP Notice:  Undefined index: message.title in /chroot/home/S5066337/public_html/Esame/test_grafica/foodbanksaw/newsletter/newsletter.php on line 61
[22-Jan-2023 16:21:52 UTC] PHP Notice:  Undefined index: user.userid in /chroot/home/S5066337/public_html/Esame/test_grafica/foodbanksaw/newsletter/newsletter.php on line 57
[22-Jan-2023 16:21:52 UTC] PHP Notice:  Undefined index: user.firstname in /chroot/home/S5066337/public_html/Esame/test_grafica/foodbanksaw/newsletter/newsletter.php on line 58
[22-Jan-2023 16:21:52 UTC] PHP Notice:  Undefined index: user.lastname in /chroot/home/S5066337/public_html/Esame/test_grafica/foodbanksaw/newsletter/newsletter.php on line 59
[22-Jan-2023 16:21:52 UTC] PHP Notice:  Undefined index: message.id in /chroot/home/S5066337/public_html/Esame/test_grafica/foodbanksaw/newsletter/newsletter.php on line 60
[22-Jan-2023 16:21:52 UTC] PHP Notice:  Undefined index: message.title in /chroot/home/S5066337/public_html/Esame/test_grafica/foodbanksaw/newsletter/newsletter.php on line 61
[22-Jan-2023 16:21:52 UTC] PHP Notice:  Undefined index: user.userid in /chroot/home/S5066337/public_html/Esame/test_grafica/foodbanksaw/newsletter/newsletter.php on line 57
[22-Jan-2023 16:21:52 UTC] PHP Notice:  Undefined index: user.firstname in /chroot/home/S5066337/public_html/Esame/test_grafica/foodbanksaw/newsletter/newsletter.php on line 58
[22-Jan-2023 16:21:52 UTC] PHP Notice:  Undefined index: user.lastname in /chroot/home/S5066337/public_html/Esame/test_grafica/foodbanksaw/newsletter/newsletter.php on line 59
[22-Jan-2023 16:21:52 UTC] PHP Notice:  Undefined index: message.id in /chroot/home/S5066337/public_html/Esame/test_grafica/foodbanksaw/newsletter/newsletter.php on line 60
[22-Jan-2023 16:21:52 UTC] PHP Notice:  Undefined index: message.title in /chroot/home/S5066337/public_html/Esame/test_grafica/foodbanksaw/newsletter/newsletter.php on line 61
[22-Jan-2023 16:21:52 UTC] PHP Notice:  Undefined index: user.userid in /chroot/home/S5066337/public_html/Esame/test_grafica/foodbanksaw/newsletter/newsletter.php on line 57
[22-Jan-2023 16:21:52 UTC] PHP Notice:  Undefined index: user.firstname in /chroot/home/S5066337/public_html/Esame/test_grafica/foodbanksaw/newsletter/newsletter.php on line 58
[22-Jan-2023 16:21:52 UTC] PHP Notice:  Undefined index: user.lastname in /chroot/home/S5066337/public_html/Esame/test_grafica/foodbanksaw/newsletter/newsletter.php on line 59
[22-Jan-2023 16:21:52 UTC] PHP Notice:  Undefined index: message.id in /chroot/home/S5066337/public_html/Esame/test_grafica/foodbanksaw/newsletter/newsletter.php on line 60
[22-Jan-2023 16:21:52 UTC] PHP Notice:  Undefined index: message.title in /chroot/home/S5066337/public_html/Esame/test_grafica/foodbanksaw/newsletter/newsletter.php on line 61
[22-Jan-2023 17:19:49 UTC] PHP Notice:  Undefined index: admin in /chroot/home/S5066337/public_html/Esame/test_grafica/foodbanksaw/newsletter/newsletter.php on line 6
[22-Jan-2023 17:43:07 UTC] PHP Notice:  Undefined index: admin in /chroot/home/S5066337/public_html/Esame/test_grafica/foodbanksaw/newsletter/newsletter.php on line 6
[22-Jan-2023 20:00:57 UTC] PHP Notice:  Undefined index: admin in /chroot/home/S5066337/public_html/Esame/test_grafica/foodbanksaw/newsletter/newsletter.php on line 6
[23-Jan-2023 08:39:49 UTC] PHP Notice:  Undefined index: admin in /chroot/home/S5066337/public_html/Esame/test_grafica/foodbanksaw/newsletter/newsletter.php on line 6
[23-Jan-2023 09:28:19 UTC] PHP Notice:  Undefined index: admin in /chroot/home/S5066337/public_html/Esame/test_grafica/foodbanksaw/newsletter/show_last_news.php on line 6
[23-Jan-2023 15:41:15 UTC] PHP Notice:  Undefined index: email in /chroot/home/S5066337/public_html/foodbanksaw/newsletter/addEmail.php on line 7
[23-Jan-2023 16:15:20 UTC] PHP Notice:  Undefined index: email in /chroot/home/S5066337/public_html/foodbanksaw/newsletter/addEmail.php on line 7
[23-Jan-2023 16:15:56 UTC] PHP Notice:  Undefined index: email in /chroot/home/S5066337/public_html/foodbanksaw/newsletter/addEmail.php on line 7
[23-Jan-2023 16:16:50 UTC] PHP Notice:  Undefined index: email in /chroot/home/S5066337/public_html/foodbanksaw/newsletter/addEmail.php on line 7
[23-Jan-2023 16:17:05 UTC] PHP Notice:  Undefined index: email in /chroot/home/S5066337/public_html/foodbanksaw/newsletter/addEmail.php on line 7
[23-Jan-2023 16:17:16 UTC] PHP Notice:  Undefined index: email in /chroot/home/S5066337/public_html/foodbanksaw/newsletter/addEmail.php on line 7
[23-Jan-2023 16:18:11 UTC] PHP Notice:  Undefined index: email in /chroot/home/S5066337/public_html/foodbanksaw/newsletter/addEmail.php on line 6
[23-Jan-2023 16:18:11 UTC] PHP Notice:  Undefined index: email in /chroot/home/S5066337/public_html/foodbanksaw/newsletter/addEmail.php on line 7
[23-Jan-2023 16:19:45 UTC] Execute failed: (1048) Column 'mail' cannot be null
[23-Jan-2023 16:59:58 UTC] Execute failed: (1406) Data too long for column 'text' at row 1
[23-Jan-2023 17:02:51 UTC] Execute failed: (1406) Data too long for column 'text' at row 1
[23-Jan-2023 17:48:19 UTC] PHP Notice:  Undefined index: admin in /chroot/home/S5066337/public_html/foodbanksaw/newsletter/newsletter.php on line 6
[24-Jan-2023 09:17:22 UTC] Execute failed: (1062) Duplicate entry 'nuce2001@gmail.com' for key 'newsletter.mail'
[29-Jan-2023 19:57:33 UTC] Execute failed: (1062) Duplicate entry 'marina.ribaudo@unige.it' for key 'newsletter.mail'
