[19-Jan-2023 19:40:34 UTC] Execute failed: (1451) Cannot delete or update a parent row: a foreign key constraint fails (`S5066337`.`message`, CONSTRAINT `message_ibfk_1` FOREIGN KEY (`userid`) REFERENCES `user` (`userid`))
[20-Jan-2023 08:53:09 UTC] PHP Notice:  Undefined variable: stmt_2 in /chroot/home/S5066337/public_html/Esame/test_grafica/foodbanksaw/update_profile.php on line 66
[20-Jan-2023 08:53:09 UTC] PHP Fatal error:  Uncaught Error: Call to a member function close() on null in /chroot/home/S5066337/public_html/Esame/test_grafica/foodbanksaw/update_profile.php:66
Stack trace:
#0 {main}
  thrown in /chroot/home/S5066337/public_html/Esame/test_grafica/foodbanksaw/update_profile.php on line 66
[20-Jan-2023 08:53:21 UTC] PHP Notice:  Undefined variable: stmt_2 in /chroot/home/S5066337/public_html/Esame/test_grafica/foodbanksaw/update_profile.php on line 66
[20-Jan-2023 08:53:21 UTC] PHP Fatal error:  Uncaught Error: Call to a member function close() on null in /chroot/home/S5066337/public_html/Esame/test_grafica/foodbanksaw/update_profile.php:66
Stack trace:
#0 {main}
  thrown in /chroot/home/S5066337/public_html/Esame/test_grafica/foodbanksaw/update_profile.php on line 66
[20-Jan-2023 08:54:52 UTC] PHP Notice:  Undefined variable: stmt_2 in /chroot/home/S5066337/public_html/Esame/test_grafica/foodbanksaw/update_profile.php on line 66
[20-Jan-2023 08:54:52 UTC] PHP Fatal error:  Uncaught Error: Call to a member function close() on null in /chroot/home/S5066337/public_html/Esame/test_grafica/foodbanksaw/update_profile.php:66
Stack trace:
#0 {main}
  thrown in /chroot/home/S5066337/public_html/Esame/test_grafica/foodbanksaw/update_profile.php on line 66
[20-Jan-2023 09:11:40 UTC] PHP Notice:  Undefined variable: stmt_2 in /chroot/home/S5066337/public_html/Esame/test_grafica/foodbanksaw/update_profile.php on line 66
[20-Jan-2023 09:11:40 UTC] PHP Fatal error:  Uncaught Error: Call to a member function close() on null in /chroot/home/S5066337/public_html/Esame/test_grafica/foodbanksaw/update_profile.php:66
Stack trace:
#0 {main}
  thrown in /chroot/home/S5066337/public_html/Esame/test_grafica/foodbanksaw/update_profile.php on line 66
[20-Jan-2023 09:13:42 UTC] PHP Notice:  Undefined variable: stmt_2 in /chroot/home/S5066337/public_html/Esame/test_grafica/foodbanksaw/update_profile.php on line 66
[20-Jan-2023 09:13:42 UTC] PHP Fatal error:  Uncaught Error: Call to a member function close() on null in /chroot/home/S5066337/public_html/Esame/test_grafica/foodbanksaw/update_profile.php:66
Stack trace:
#0 {main}
  thrown in /chroot/home/S5066337/public_html/Esame/test_grafica/foodbanksaw/update_profile.php on line 66
[20-Jan-2023 09:14:29 UTC] PHP Notice:  Undefined variable: stmt_2 in /chroot/home/S5066337/public_html/Esame/test_grafica/foodbanksaw/update_profile.php on line 66
[20-Jan-2023 09:14:29 UTC] PHP Fatal error:  Uncaught Error: Call to a member function close() on null in /chroot/home/S5066337/public_html/Esame/test_grafica/foodbanksaw/update_profile.php:66
Stack trace:
#0 {main}
  thrown in /chroot/home/S5066337/public_html/Esame/test_grafica/foodbanksaw/update_profile.php on line 66
[20-Jan-2023 09:15:50 UTC] PHP Notice:  Undefined variable: stmt_2 in /chroot/home/S5066337/public_html/Esame/test_grafica/foodbanksaw/update_profile.php on line 68
[20-Jan-2023 09:15:50 UTC] PHP Fatal error:  Uncaught Error: Call to a member function close() on null in /chroot/home/S5066337/public_html/Esame/test_grafica/foodbanksaw/update_profile.php:68
Stack trace:
#0 {main}
  thrown in /chroot/home/S5066337/public_html/Esame/test_grafica/foodbanksaw/update_profile.php on line 68
[20-Jan-2023 09:16:05 UTC] PHP Notice:  Undefined variable: stmt_2 in /chroot/home/S5066337/public_html/Esame/test_grafica/foodbanksaw/update_profile.php on line 68
[20-Jan-2023 09:16:05 UTC] PHP Fatal error:  Uncaught Error: Call to a member function close() on null in /chroot/home/S5066337/public_html/Esame/test_grafica/foodbanksaw/update_profile.php:68
Stack trace:
#0 {main}
  thrown in /chroot/home/S5066337/public_html/Esame/test_grafica/foodbanksaw/update_profile.php on line 68
